{"level":"info","message":"⏳ Iniciando conexão com o MongoDB...","service":"desligest-api","timestamp":"2026-03-27 20:57:55"}
{"level":"warn","message":"⚠️  MongoDB desconectado. Tentando reconectar...","service":"desligest-api","timestamp":"2026-03-27 20:58:05"}
{"level":"info","message":"⏳ Iniciando conexão com o MongoDB...","service":"desligest-api","timestamp":"2026-03-27 20:59:03"}
{"level":"warn","message":"⚠️  MongoDB desconectado. Tentando reconectar...","service":"desligest-api","timestamp":"2026-03-27 20:59:13"}
{"level":"info","message":"⏳ Iniciando conexão com o MongoDB...","service":"desligest-api","timestamp":"2026-03-27 21:09:33"}
{"level":"info","message":"✅ MongoDB conectado com sucesso","service":"desligest-api","timestamp":"2026-03-27 21:09:34"}
{"level":"info","message":"✅ Tarefas agendadas (Cron) inicializadas","service":"desligest-api","timestamp":"2026-03-27 21:09:34"}
{"level":"info","message":"🚀 API rodada na porta 3001","service":"desligest-api","timestamp":"2026-03-27 21:09:34"}
{"level":"info","message":"   Health: http://localhost:3001/api/health","service":"desligest-api","timestamp":"2026-03-27 21:09:34"}
{"level":"info","message":"Incoming Request: GET /api/health","service":"desligest-api","timestamp":"2026-03-27 21:13:09"}
{"level":"info","message":"Incoming Request: POST /api/auth/register","service":"desligest-api","timestamp":"2026-03-27 21:13:55"}
{"level":"info","message":"Incoming Request: GET /api/desligamentos?arquivado=false","service":"desligest-api","timestamp":"2026-03-27 21:13:55"}
{"level":"info","message":"Incoming Request: POST /api/auth/register","service":"desligest-api","timestamp":"2026-03-27 21:17:11"}
{"level":"info","message":"Incoming Request: GET /api/desligamentos?arquivado=false","service":"desligest-api","timestamp":"2026-03-27 21:17:11"}
{"level":"info","message":"⏳ Iniciando conexão com o MongoDB...","service":"desligest-api","timestamp":"2026-04-03 12:22:46"}
{"level":"info","message":"✅ MongoDB conectado com sucesso","service":"desligest-api","timestamp":"2026-04-03 12:22:47"}
{"level":"info","message":"✅ Tarefas agendadas (Cron) inicializadas","service":"desligest-api","timestamp":"2026-04-03 12:22:47"}
{"level":"info","message":"🚀 API rodada na porta 3001","service":"desligest-api","timestamp":"2026-04-03 12:22:47"}
{"level":"info","message":"   Health: http://localhost:3001/api/health","service":"desligest-api","timestamp":"2026-04-03 12:22:47"}
{"level":"error","message":"[GET] /api/health - Error: Cannot set property query of #<IncomingMessage> which has only a getter","service":"desligest-api","stack":"TypeError: Cannot set property query of #<IncomingMessage> which has only a getter\n    at C:\\Users\\hhsil\\OneDrive\\Documentos\\rescisoes\\server\\node_modules\\xss-clean\\lib\\index.js:8:30\n    at Layer.handleRequest (C:\\Users\\hhsil\\OneDrive\\Documentos\\rescisoes\\server\\node_modules\\router\\lib\\layer.js:152:17)\n    at trimPrefix (C:\\Users\\hhsil\\OneDrive\\Documentos\\rescisoes\\server\\node_modules\\router\\index.js:342:13)\n    at C:\\Users\\hhsil\\OneDrive\\Documentos\\rescisoes\\server\\node_modules\\router\\index.js:297:9\n    at processParams (C:\\Users\\hhsil\\OneDrive\\Documentos\\rescisoes\\server\\node_modules\\router\\index.js:582:12)\n    at next (C:\\Users\\hhsil\\OneDrive\\Documentos\\rescisoes\\server\\node_modules\\router\\index.js:291:5)\n    at C:\\Users\\hhsil\\OneDrive\\Documentos\\rescisoes\\server\\index.js:49:3\n    at Layer.handleRequest (C:\\Users\\hhsil\\OneDrive\\Documentos\\rescisoes\\server\\node_modules\\router\\lib\\layer.js:152:17)\n    at trimPrefix (C:\\Users\\hhsil\\OneDrive\\Documentos\\rescisoes\\server\\node_modules\\router\\index.js:342:13)\n    at C:\\Users\\hhsil\\OneDrive\\Documentos\\rescisoes\\server\\node_modules\\router\\index.js:297:9","timestamp":"2026-04-03 12:22:59"}
{"level":"info","message":"⏳ Iniciando conexão com o MongoDB...","service":"desligest-api","timestamp":"2026-04-03 12:23:35"}
{"level":"info","message":"✅ MongoDB conectado com sucesso","service":"desligest-api","timestamp":"2026-04-03 12:23:35"}
{"level":"info","message":"✅ Tarefas agendadas (Cron) inicializadas","service":"desligest-api","timestamp":"2026-04-03 12:23:35"}
{"level":"info","message":"🚀 API rodada na porta 3001","service":"desligest-api","timestamp":"2026-04-03 12:23:35"}
{"level":"info","message":"   Health: http://localhost:3001/api/health","service":"desligest-api","timestamp":"2026-04-03 12:23:35"}
{"level":"info","message":"Incoming Request: GET /api/health","service":"desligest-api","timestamp":"2026-04-03 12:23:54"}
{"level":"info","message":"Incoming Request: POST /api/auth/login","service":"desligest-api","timestamp":"2026-04-03 12:24:02"}
{"level":"error","message":"[POST] /api/auth/login - Error: E-mail ou senha incorretos","service":"desligest-api","stack":"Error: E-mail ou senha incorretos\n    at C:\\Users\\hhsil\\OneDrive\\Documentos\\rescisoes\\server\\routes\\auth.js:45:13\n    at process.processTicksAndRejections (node:internal/process/task_queues:104:5)","timestamp":"2026-04-03 12:24:02"}
{"level":"info","message":"⏳ Iniciando conexão com o MongoDB...","service":"desligest-api","timestamp":"2026-04-03 15:22:52"}
{"level":"info","message":"✅ MongoDB conectado com sucesso","service":"desligest-api","timestamp":"2026-04-03 15:22:53"}
{"level":"info","message":"✅ Tarefas agendadas (Cron) inicializadas","service":"desligest-api","timestamp":"2026-04-03 15:22:53"}
{"level":"info","message":"🚀 API rodada na porta 3001","service":"desligest-api","timestamp":"2026-04-03 15:22:53"}
{"level":"info","message":"   Health: http://localhost:3001/api/health","service":"desligest-api","timestamp":"2026-04-03 15:22:53"}
{"level":"info","message":"Incoming Request: POST /api/auth/login","service":"desligest-api","timestamp":"2026-04-03 15:23:26"}
{"level":"info","message":"Incoming Request: GET /api/desligamentos?arquivado=false","service":"desligest-api","timestamp":"2026-04-03 15:23:26"}
{"level":"info","message":"Incoming Request: GET /api/desligamentos?arquivado=true&q=","service":"desligest-api","timestamp":"2026-04-03 15:23:26"}
{"level":"info","message":"Incoming Request: GET /api/auth/me","service":"desligest-api","timestamp":"2026-04-03 15:54:28"}
{"level":"info","message":"Incoming Request: GET /api/auth/me","service":"desligest-api","timestamp":"2026-04-03 15:54:28"}
{"level":"info","message":"Incoming Request: GET /api/desligamentos?arquivado=false","service":"desligest-api","timestamp":"2026-04-03 15:54:28"}
{"level":"info","message":"Incoming Request: GET /api/desligamentos?arquivado=true&q=","service":"desligest-api","timestamp":"2026-04-03 15:54:28"}
{"level":"info","message":"Incoming Request: GET /api/auth/me","service":"desligest-api","timestamp":"2026-04-03 15:55:02"}
{"level":"info","message":"Incoming Request: GET /api/auth/me","service":"desligest-api","timestamp":"2026-04-03 15:55:02"}
{"level":"info","message":"Incoming Request: GET /api/desligamentos?arquivado=false","service":"desligest-api","timestamp":"2026-04-03 15:55:02"}
{"level":"info","message":"Incoming Request: GET /api/desligamentos?arquivado=true&q=","service":"desligest-api","timestamp":"2026-04-03 15:55:02"}
{"level":"info","message":"Incoming Request: GET /api/auth/me","service":"desligest-api","timestamp":"2026-04-03 16:17:25"}
{"level":"info","message":"Incoming Request: GET /api/auth/me","service":"desligest-api","timestamp":"2026-04-03 16:17:25"}
{"level":"info","message":"Incoming Request: GET /api/desligamentos?arquivado=true&q=","service":"desligest-api","timestamp":"2026-04-03 16:17:25"}
{"level":"info","message":"Incoming Request: GET /api/desligamentos?arquivado=false","service":"desligest-api","timestamp":"2026-04-03 16:17:25"}
{"level":"info","message":"Incoming Request: GET /api/desligamentos?arquivado=false","service":"desligest-api","timestamp":"2026-04-03 16:17:25"}
{"level":"info","message":"Incoming Request: GET /api/auth/me","service":"desligest-api","timestamp":"2026-04-03 16:21:43"}
{"level":"info","message":"Incoming Request: GET /api/auth/me","service":"desligest-api","timestamp":"2026-04-03 16:21:43"}
{"level":"info","message":"Incoming Request: GET /api/desligamentos?arquivado=false","service":"desligest-api","timestamp":"2026-04-03 16:21:43"}
{"level":"info","message":"Incoming Request: GET /api/desligamentos?arquivado=true&q=","service":"desligest-api","timestamp":"2026-04-03 16:21:43"}
{"level":"info","message":"Incoming Request: GET /api/auth/me","service":"desligest-api","timestamp":"2026-04-03 16:24:17"}
{"level":"info","message":"Incoming Request: GET /api/auth/me","service":"desligest-api","timestamp":"2026-04-03 16:24:17"}
{"level":"info","message":"Incoming Request: GET /api/desligamentos?arquivado=true&q=","service":"desligest-api","timestamp":"2026-04-03 16:24:17"}
{"level":"info","message":"Incoming Request: GET /api/desligamentos?arquivado=false","service":"desligest-api","timestamp":"2026-04-03 16:24:17"}
{"level":"info","message":"Incoming Request: GET /api/auth/me","service":"desligest-api","timestamp":"2026-04-03 16:26:20"}
{"level":"info","message":"Incoming Request: GET /api/auth/me","service":"desligest-api","timestamp":"2026-04-03 16:26:20"}
{"level":"info","message":"Incoming Request: GET /api/desligamentos?arquivado=false","service":"desligest-api","timestamp":"2026-04-03 16:26:20"}
{"level":"info","message":"Incoming Request: GET /api/desligamentos?arquivado=true&q=","service":"desligest-api","timestamp":"2026-04-03 16:26:20"}
{"level":"info","message":"Incoming Request: GET /api/auth/me","service":"desligest-api","timestamp":"2026-04-03 16:26:41"}
{"level":"info","message":"Incoming Request: GET /api/auth/me","service":"desligest-api","timestamp":"2026-04-03 16:26:41"}
{"level":"info","message":"Incoming Request: GET /api/desligamentos?arquivado=false","service":"desligest-api","timestamp":"2026-04-03 16:26:41"}
{"level":"info","message":"Incoming Request: GET /api/desligamentos?arquivado=true&q=","service":"desligest-api","timestamp":"2026-04-03 16:26:41"}
{"level":"info","message":"Incoming Request: GET /api/auth/me","service":"desligest-api","timestamp":"2026-04-03 16:30:04"}
{"level":"info","message":"Incoming Request: GET /api/auth/me","service":"desligest-api","timestamp":"2026-04-03 16:30:04"}
{"level":"info","message":"Incoming Request: GET /api/desligamentos?arquivado=false","service":"desligest-api","timestamp":"2026-04-03 16:30:04"}
{"level":"info","message":"Incoming Request: GET /api/desligamentos?arquivado=true&q=","service":"desligest-api","timestamp":"2026-04-03 16:30:04"}
{"level":"info","message":"Incoming Request: GET /api/auth/me","service":"desligest-api","timestamp":"2026-04-03 16:32:36"}
{"level":"info","message":"Incoming Request: GET /api/auth/me","service":"desligest-api","timestamp":"2026-04-03 16:32:36"}
{"level":"info","message":"Incoming Request: GET /api/desligamentos?arquivado=true&q=","service":"desligest-api","timestamp":"2026-04-03 16:32:36"}
{"level":"info","message":"Incoming Request: GET /api/desligamentos?arquivado=false","service":"desligest-api","timestamp":"2026-04-03 16:32:36"}
{"level":"info","message":"Incoming Request: GET /api/auth/me","service":"desligest-api","timestamp":"2026-04-03 16:32:57"}
{"level":"info","message":"Incoming Request: GET /api/auth/me","service":"desligest-api","timestamp":"2026-04-03 16:32:57"}
{"level":"info","message":"Incoming Request: GET /api/desligamentos?arquivado=false","service":"desligest-api","timestamp":"2026-04-03 16:32:57"}
{"level":"info","message":"Incoming Request: GET /api/desligamentos?arquivado=true&q=","service":"desligest-api","timestamp":"2026-04-03 16:32:57"}
{"level":"info","message":"Incoming Request: GET /api/auth/me","service":"desligest-api","timestamp":"2026-04-03 16:36:09"}
{"level":"info","message":"Incoming Request: GET /api/auth/me","service":"desligest-api","timestamp":"2026-04-03 16:36:09"}
{"level":"info","message":"Incoming Request: GET /api/desligamentos?arquivado=true&q=","service":"desligest-api","timestamp":"2026-04-03 16:36:09"}
{"level":"info","message":"Incoming Request: GET /api/desligamentos?arquivado=false","service":"desligest-api","timestamp":"2026-04-03 16:36:09"}
{"level":"info","message":"Incoming Request: GET /api/auth/me","service":"desligest-api","timestamp":"2026-04-03 16:40:54"}
{"level":"info","message":"Incoming Request: GET /api/auth/me","service":"desligest-api","timestamp":"2026-04-03 16:40:54"}
{"level":"info","message":"Incoming Request: GET /api/desligamentos?arquivado=false","service":"desligest-api","timestamp":"2026-04-03 16:40:54"}
{"level":"info","message":"Incoming Request: GET /api/desligamentos?arquivado=true&q=","service":"desligest-api","timestamp":"2026-04-03 16:40:54"}
{"level":"info","message":"Incoming Request: GET /api/auth/me","service":"desligest-api","timestamp":"2026-04-03 16:45:53"}
{"level":"info","message":"Incoming Request: GET /api/auth/me","service":"desligest-api","timestamp":"2026-04-03 16:45:53"}
{"level":"info","message":"Incoming Request: GET /api/desligamentos?arquivado=true&q=","service":"desligest-api","timestamp":"2026-04-03 16:45:53"}
{"level":"info","message":"Incoming Request: GET /api/desligamentos?arquivado=false","service":"desligest-api","timestamp":"2026-04-03 16:45:53"}
{"level":"info","message":"Incoming Request: GET /api/auth/me","service":"desligest-api","timestamp":"2026-04-03 16:47:55"}
{"level":"info","message":"Incoming Request: GET /api/auth/me","service":"desligest-api","timestamp":"2026-04-03 16:47:55"}
{"level":"info","message":"Incoming Request: GET /api/desligamentos?arquivado=false","service":"desligest-api","timestamp":"2026-04-03 16:47:55"}
{"level":"info","message":"Incoming Request: GET /api/desligamentos?arquivado=true&q=","service":"desligest-api","timestamp":"2026-04-03 16:47:55"}
{"level":"info","message":"Incoming Request: GET /api/auth/me","service":"desligest-api","timestamp":"2026-04-03 16:50:09"}
{"level":"info","message":"Incoming Request: GET /api/auth/me","service":"desligest-api","timestamp":"2026-04-03 16:50:09"}
{"level":"info","message":"Incoming Request: GET /api/desligamentos?arquivado=false","service":"desligest-api","timestamp":"2026-04-03 16:50:09"}
{"level":"info","message":"Incoming Request: GET /api/desligamentos?arquivado=true&q=","service":"desligest-api","timestamp":"2026-04-03 16:50:09"}
{"level":"info","message":"Incoming Request: GET /api/auth/me","service":"desligest-api","timestamp":"2026-04-03 16:50:28"}
{"level":"info","message":"Incoming Request: GET /api/auth/me","service":"desligest-api","timestamp":"2026-04-03 16:50:29"}
{"level":"info","message":"Incoming Request: GET /api/desligamentos?arquivado=true&q=","service":"desligest-api","timestamp":"2026-04-03 16:50:29"}
{"level":"info","message":"Incoming Request: GET /api/desligamentos?arquivado=false","service":"desligest-api","timestamp":"2026-04-03 16:50:29"}
{"level":"info","message":"Incoming Request: GET /api/auth/me","service":"desligest-api","timestamp":"2026-04-03 16:53:02"}
{"level":"info","message":"Incoming Request: GET /api/auth/me","service":"desligest-api","timestamp":"2026-04-03 16:53:02"}
{"level":"info","message":"Incoming Request: GET /api/desligamentos?arquivado=true&q=","service":"desligest-api","timestamp":"2026-04-03 16:53:02"}
{"level":"info","message":"Incoming Request: GET /api/desligamentos?arquivado=false","service":"desligest-api","timestamp":"2026-04-03 16:53:02"}
{"level":"info","message":"Incoming Request: GET /api/auth/me","service":"desligest-api","timestamp":"2026-04-03 16:53:15"}
{"level":"info","message":"Incoming Request: GET /api/auth/me","service":"desligest-api","timestamp":"2026-04-03 16:53:15"}
{"level":"info","message":"Incoming Request: GET /api/desligamentos?arquivado=false","service":"desligest-api","timestamp":"2026-04-03 16:53:15"}
{"level":"info","message":"Incoming Request: GET /api/desligamentos?arquivado=true&q=","service":"desligest-api","timestamp":"2026-04-03 16:53:15"}
{"level":"info","message":"Incoming Request: GET /api/auth/me","service":"desligest-api","timestamp":"2026-04-03 17:00:23"}
{"level":"info","message":"Incoming Request: GET /api/auth/me","service":"desligest-api","timestamp":"2026-04-03 17:00:23"}
{"level":"info","message":"Incoming Request: GET /api/desligamentos?arquivado=true&q=","service":"desligest-api","timestamp":"2026-04-03 17:00:23"}
{"level":"info","message":"Incoming Request: GET /api/desligamentos?arquivado=false","service":"desligest-api","timestamp":"2026-04-03 17:00:23"}
{"level":"info","message":"Incoming Request: GET /api/auth/me","service":"desligest-api","timestamp":"2026-04-03 17:00:35"}
{"level":"info","message":"Incoming Request: GET /api/auth/me","service":"desligest-api","timestamp":"2026-04-03 17:00:35"}
{"level":"info","message":"Incoming Request: GET /api/desligamentos?arquivado=true&q=","service":"desligest-api","timestamp":"2026-04-03 17:00:35"}
{"level":"info","message":"Incoming Request: GET /api/desligamentos?arquivado=false","service":"desligest-api","timestamp":"2026-04-03 17:00:35"}
{"level":"info","message":"Incoming Request: GET /api/auth/me","service":"desligest-api","timestamp":"2026-04-03 17:05:02"}
{"level":"info","message":"Incoming Request: GET /api/auth/me","service":"desligest-api","timestamp":"2026-04-03 17:05:02"}
{"level":"info","message":"Incoming Request: GET /api/desligamentos?arquivado=true&q=","service":"desligest-api","timestamp":"2026-04-03 17:05:02"}
{"level":"info","message":"Incoming Request: GET /api/desligamentos?arquivado=false","service":"desligest-api","timestamp":"2026-04-03 17:05:02"}
{"level":"info","message":"Incoming Request: GET /api/auth/me","service":"desligest-api","timestamp":"2026-04-03 17:18:45"}
{"level":"info","message":"Incoming Request: GET /api/auth/me","service":"desligest-api","timestamp":"2026-04-03 17:18:45"}
{"level":"info","message":"Incoming Request: GET /api/desligamentos?arquivado=false","service":"desligest-api","timestamp":"2026-04-03 17:18:45"}
{"level":"info","message":"Incoming Request: GET /api/desligamentos?arquivado=true&q=","service":"desligest-api","timestamp":"2026-04-03 17:18:45"}
{"level":"info","message":"Incoming Request: GET /api/auth/me","service":"desligest-api","timestamp":"2026-04-03 17:19:34"}
{"level":"info","message":"Incoming Request: GET /api/auth/me","service":"desligest-api","timestamp":"2026-04-03 17:19:35"}
{"level":"info","message":"Incoming Request: GET /api/desligamentos?arquivado=false","service":"desligest-api","timestamp":"2026-04-03 17:19:35"}
{"level":"info","message":"Incoming Request: GET /api/desligamentos?arquivado=true&q=","service":"desligest-api","timestamp":"2026-04-03 17:19:35"}
{"level":"info","message":"Incoming Request: GET /api/auth/me","service":"desligest-api","timestamp":"2026-04-03 17:23:40"}
{"level":"info","message":"Incoming Request: GET /api/auth/me","service":"desligest-api","timestamp":"2026-04-03 17:23:40"}
{"level":"info","message":"Incoming Request: GET /api/desligamentos?arquivado=false","service":"desligest-api","timestamp":"2026-04-03 17:23:40"}
{"level":"info","message":"Incoming Request: GET /api/desligamentos?arquivado=true&q=","service":"desligest-api","timestamp":"2026-04-03 17:23:40"}
{"level":"info","message":"Incoming Request: GET /api/auth/me","service":"desligest-api","timestamp":"2026-04-03 17:26:04"}
{"level":"info","message":"Incoming Request: GET /api/auth/me","service":"desligest-api","timestamp":"2026-04-03 17:26:04"}
{"level":"info","message":"Incoming Request: GET /api/desligamentos?arquivado=false","service":"desligest-api","timestamp":"2026-04-03 17:26:04"}
{"level":"info","message":"Incoming Request: GET /api/desligamentos?arquivado=true&q=","service":"desligest-api","timestamp":"2026-04-03 17:26:04"}
{"level":"info","message":"Incoming Request: GET /api/auth/me","service":"desligest-api","timestamp":"2026-04-03 17:29:11"}
{"level":"info","message":"Incoming Request: GET /api/auth/me","service":"desligest-api","timestamp":"2026-04-03 17:29:11"}
{"level":"info","message":"Incoming Request: GET /api/desligamentos?arquivado=false","service":"desligest-api","timestamp":"2026-04-03 17:29:11"}
{"level":"info","message":"Incoming Request: GET /api/desligamentos?arquivado=true&q=","service":"desligest-api","timestamp":"2026-04-03 17:29:11"}
{"level":"info","message":"Incoming Request: GET /api/auth/me","service":"desligest-api","timestamp":"2026-04-03 17:29:26"}
{"level":"info","message":"Incoming Request: GET /api/auth/me","service":"desligest-api","timestamp":"2026-04-03 17:29:26"}
{"level":"info","message":"Incoming Request: GET /api/desligamentos?arquivado=false","service":"desligest-api","timestamp":"2026-04-03 17:29:26"}
{"level":"info","message":"Incoming Request: GET /api/desligamentos?arquivado=true&q=","service":"desligest-api","timestamp":"2026-04-03 17:29:26"}
{"level":"info","message":"Incoming Request: GET /api/auth/me","service":"desligest-api","timestamp":"2026-04-03 17:30:44"}
{"level":"info","message":"Incoming Request: GET /api/auth/me","service":"desligest-api","timestamp":"2026-04-03 17:30:44"}
{"level":"info","message":"Incoming Request: GET /api/desligamentos?arquivado=true&q=","service":"desligest-api","timestamp":"2026-04-03 17:30:44"}
{"level":"info","message":"Incoming Request: GET /api/desligamentos?arquivado=false","service":"desligest-api","timestamp":"2026-04-03 17:30:44"}
{"level":"info","message":"Incoming Request: GET /api/auth/me","service":"desligest-api","timestamp":"2026-04-03 17:48:04"}
{"level":"info","message":"Incoming Request: GET /api/auth/me","service":"desligest-api","timestamp":"2026-04-03 17:48:04"}
{"level":"info","message":"Incoming Request: GET /api/desligamentos?arquivado=false","service":"desligest-api","timestamp":"2026-04-03 17:48:04"}
{"level":"info","message":"Incoming Request: GET /api/desligamentos?arquivado=true&q=","service":"desligest-api","timestamp":"2026-04-03 17:48:04"}
{"level":"info","message":"Incoming Request: GET /api/auth/me","service":"desligest-api","timestamp":"2026-04-03 17:52:03"}
{"level":"info","message":"Incoming Request: GET /api/auth/me","service":"desligest-api","timestamp":"2026-04-03 17:52:03"}
{"level":"info","message":"Incoming Request: GET /api/desligamentos?arquivado=false","service":"desligest-api","timestamp":"2026-04-03 17:52:03"}
{"level":"info","message":"Incoming Request: GET /api/desligamentos?arquivado=true&q=","service":"desligest-api","timestamp":"2026-04-03 17:52:03"}
{"level":"info","message":"Incoming Request: GET /api/auth/me","service":"desligest-api","timestamp":"2026-04-03 17:52:34"}
{"level":"info","message":"Incoming Request: GET /api/desligamentos?arquivado=false","service":"desligest-api","timestamp":"2026-04-03 17:52:34"}
{"level":"info","message":"Incoming Request: GET /api/desligamentos?arquivado=true&q=","service":"desligest-api","timestamp":"2026-04-03 17:52:34"}
{"level":"info","message":"Incoming Request: GET /api/auth/me","service":"desligest-api","timestamp":"2026-04-03 17:59:48"}
{"level":"info","message":"Incoming Request: GET /api/auth/me","service":"desligest-api","timestamp":"2026-04-03 17:59:48"}
{"level":"info","message":"Incoming Request: GET /api/desligamentos?arquivado=true&q=","service":"desligest-api","timestamp":"2026-04-03 17:59:48"}
{"level":"info","message":"Incoming Request: GET /api/desligamentos?arquivado=false","service":"desligest-api","timestamp":"2026-04-03 17:59:48"}
{"level":"info","message":"Incoming Request: GET /api/auth/me","service":"desligest-api","timestamp":"2026-04-03 18:07:41"}
{"level":"info","message":"Incoming Request: GET /api/auth/me","service":"desligest-api","timestamp":"2026-04-03 18:07:41"}
{"level":"info","message":"Incoming Request: GET /api/desligamentos?arquivado=false","service":"desligest-api","timestamp":"2026-04-03 18:07:41"}
{"level":"info","message":"Incoming Request: GET /api/desligamentos?arquivado=true&q=","service":"desligest-api","timestamp":"2026-04-03 18:07:41"}
{"level":"info","message":"Incoming Request: GET /api/auth/me","service":"desligest-api","timestamp":"2026-04-03 18:08:26"}
{"level":"info","message":"Incoming Request: GET /api/auth/me","service":"desligest-api","timestamp":"2026-04-03 18:08:26"}
{"level":"info","message":"Incoming Request: GET /api/desligamentos?arquivado=true&q=","service":"desligest-api","timestamp":"2026-04-03 18:08:26"}
{"level":"info","message":"Incoming Request: GET /api/desligamentos?arquivado=false","service":"desligest-api","timestamp":"2026-04-03 18:08:26"}
{"level":"info","message":"Incoming Request: GET /api/auth/me","service":"desligest-api","timestamp":"2026-04-03 18:09:18"}
{"level":"info","message":"Incoming Request: GET /api/auth/me","service":"desligest-api","timestamp":"2026-04-03 18:09:18"}
{"level":"info","message":"Incoming Request: GET /api/desligamentos?arquivado=true&q=","service":"desligest-api","timestamp":"2026-04-03 18:09:18"}
{"level":"info","message":"Incoming Request: GET /api/desligamentos?arquivado=false","service":"desligest-api","timestamp":"2026-04-03 18:09:18"}
{"level":"info","message":"Incoming Request: GET /api/auth/me","service":"desligest-api","timestamp":"2026-04-03 18:15:18"}
{"level":"info","message":"Incoming Request: GET /api/auth/me","service":"desligest-api","timestamp":"2026-04-03 18:15:18"}
{"level":"info","message":"Incoming Request: GET /api/desligamentos?arquivado=false","service":"desligest-api","timestamp":"2026-04-03 18:15:18"}
{"level":"info","message":"Incoming Request: GET /api/desligamentos?arquivado=true&q=","service":"desligest-api","timestamp":"2026-04-03 18:15:18"}
{"level":"info","message":"Incoming Request: GET /api/auth/me","service":"desligest-api","timestamp":"2026-04-03 18:15:58"}
{"level":"info","message":"Incoming Request: GET /api/auth/me","service":"desligest-api","timestamp":"2026-04-03 18:15:58"}
{"level":"info","message":"Incoming Request: GET /api/desligamentos?arquivado=false","service":"desligest-api","timestamp":"2026-04-03 18:15:58"}
{"level":"info","message":"Incoming Request: GET /api/desligamentos?arquivado=true&q=","service":"desligest-api","timestamp":"2026-04-03 18:15:58"}
{"level":"info","message":"Incoming Request: GET /api/auth/me","service":"desligest-api","timestamp":"2026-04-03 18:16:51"}
{"level":"info","message":"Incoming Request: GET /api/auth/me","service":"desligest-api","timestamp":"2026-04-03 18:16:52"}
{"level":"info","message":"Incoming Request: GET /api/desligamentos?arquivado=false","service":"desligest-api","timestamp":"2026-04-03 18:16:52"}
{"level":"info","message":"Incoming Request: GET /api/desligamentos?arquivado=true&q=","service":"desligest-api","timestamp":"2026-04-03 18:16:52"}
{"level":"info","message":"Incoming Request: GET /api/desligamentos?arquivado=false","service":"desligest-api","timestamp":"2026-04-03 18:16:52"}
{"level":"info","message":"Incoming Request: GET /api/auth/me","service":"desligest-api","timestamp":"2026-04-03 18:22:24"}
{"level":"info","message":"Incoming Request: GET /api/auth/me","service":"desligest-api","timestamp":"2026-04-03 18:22:24"}
{"level":"info","message":"Incoming Request: GET /api/desligamentos?arquivado=false","service":"desligest-api","timestamp":"2026-04-03 18:22:24"}
{"level":"info","message":"Incoming Request: GET /api/desligamentos?arquivado=true&q=","service":"desligest-api","timestamp":"2026-04-03 18:22:24"}
{"level":"info","message":"Incoming Request: GET /api/auth/me","service":"desligest-api","timestamp":"2026-04-03 18:24:54"}
{"level":"info","message":"Incoming Request: GET /api/auth/me","service":"desligest-api","timestamp":"2026-04-03 18:24:54"}
{"level":"info","message":"Incoming Request: GET /api/desligamentos?arquivado=false","service":"desligest-api","timestamp":"2026-04-03 18:24:54"}
{"level":"info","message":"Incoming Request: GET /api/desligamentos?arquivado=true&q=","service":"desligest-api","timestamp":"2026-04-03 18:24:54"}
{"level":"info","message":"Incoming Request: GET /api/auth/me","service":"desligest-api","timestamp":"2026-04-03 18:27:18"}
{"level":"info","message":"Incoming Request: GET /api/auth/me","service":"desligest-api","timestamp":"2026-04-03 18:27:18"}
{"level":"info","message":"Incoming Request: GET /api/desligamentos?arquivado=false","service":"desligest-api","timestamp":"2026-04-03 18:27:18"}
{"level":"info","message":"Incoming Request: GET /api/desligamentos?arquivado=true&q=","service":"desligest-api","timestamp":"2026-04-03 18:27:18"}
{"level":"info","message":"Incoming Request: GET /api/auth/me","service":"desligest-api","timestamp":"2026-04-03 18:32:17"}
{"level":"info","message":"Incoming Request: GET /api/auth/me","service":"desligest-api","timestamp":"2026-04-03 18:32:17"}
{"level":"info","message":"Incoming Request: GET /api/desligamentos?arquivado=false","service":"desligest-api","timestamp":"2026-04-03 18:32:17"}
{"level":"info","message":"Incoming Request: GET /api/desligamentos?arquivado=true&q=","service":"desligest-api","timestamp":"2026-04-03 18:32:17"}
{"level":"info","message":"Incoming Request: GET /api/auth/me","service":"desligest-api","timestamp":"2026-04-03 18:38:01"}
{"level":"info","message":"Incoming Request: GET /api/auth/me","service":"desligest-api","timestamp":"2026-04-03 18:38:01"}
{"level":"info","message":"Incoming Request: GET /api/desligamentos?arquivado=true&q=","service":"desligest-api","timestamp":"2026-04-03 18:38:01"}
{"level":"info","message":"Incoming Request: GET /api/desligamentos?arquivado=false","service":"desligest-api","timestamp":"2026-04-03 18:38:01"}
{"level":"info","message":"Incoming Request: GET /api/auth/me","service":"desligest-api","timestamp":"2026-04-03 19:46:02"}
{"level":"info","message":"Incoming Request: GET /api/auth/me","service":"desligest-api","timestamp":"2026-04-03 19:46:02"}
{"level":"info","message":"Incoming Request: GET /api/desligamentos?arquivado=false","service":"desligest-api","timestamp":"2026-04-03 19:46:02"}
{"level":"info","message":"Incoming Request: GET /api/desligamentos?arquivado=true&q=","service":"desligest-api","timestamp":"2026-04-03 19:46:02"}
{"level":"info","message":"Incoming Request: GET /api/auth/me","service":"desligest-api","timestamp":"2026-04-03 19:46:48"}
{"level":"info","message":"Incoming Request: GET /api/auth/me","service":"desligest-api","timestamp":"2026-04-03 19:46:48"}
{"level":"info","message":"Incoming Request: GET /api/desligamentos?arquivado=false","service":"desligest-api","timestamp":"2026-04-03 19:46:48"}
{"level":"info","message":"Incoming Request: GET /api/desligamentos?arquivado=true&q=","service":"desligest-api","timestamp":"2026-04-03 19:46:48"}
{"level":"info","message":"Incoming Request: GET /api/auth/me","service":"desligest-api","timestamp":"2026-04-03 19:50:18"}
{"level":"info","message":"Incoming Request: GET /api/auth/me","service":"desligest-api","timestamp":"2026-04-03 19:50:18"}
{"level":"info","message":"Incoming Request: GET /api/desligamentos?arquivado=false","service":"desligest-api","timestamp":"2026-04-03 19:50:18"}
{"level":"info","message":"Incoming Request: GET /api/desligamentos?arquivado=true&q=","service":"desligest-api","timestamp":"2026-04-03 19:50:18"}
{"level":"info","message":"Incoming Request: GET /api/auth/me","service":"desligest-api","timestamp":"2026-04-03 19:51:06"}
{"level":"info","message":"Incoming Request: GET /api/auth/me","service":"desligest-api","timestamp":"2026-04-03 19:51:06"}
{"level":"info","message":"Incoming Request: GET /api/desligamentos?arquivado=false","service":"desligest-api","timestamp":"2026-04-03 19:51:06"}
{"level":"info","message":"Incoming Request: GET /api/desligamentos?arquivado=true&q=","service":"desligest-api","timestamp":"2026-04-03 19:51:06"}
{"level":"info","message":"Incoming Request: GET /api/auth/me","service":"desligest-api","timestamp":"2026-04-03 19:51:51"}
{"level":"info","message":"Incoming Request: GET /api/auth/me","service":"desligest-api","timestamp":"2026-04-03 19:51:51"}
{"level":"info","message":"Incoming Request: GET /api/desligamentos?arquivado=false","service":"desligest-api","timestamp":"2026-04-03 19:51:51"}
{"level":"info","message":"Incoming Request: GET /api/desligamentos?arquivado=true&q=","service":"desligest-api","timestamp":"2026-04-03 19:51:51"}
{"level":"info","message":"Incoming Request: GET /api/auth/me","service":"desligest-api","timestamp":"2026-04-03 19:52:46"}
{"level":"info","message":"Incoming Request: GET /api/auth/me","service":"desligest-api","timestamp":"2026-04-03 19:52:46"}
{"level":"info","message":"Incoming Request: GET /api/desligamentos?arquivado=true&q=","service":"desligest-api","timestamp":"2026-04-03 19:52:46"}
{"level":"info","message":"Incoming Request: GET /api/desligamentos?arquivado=false","service":"desligest-api","timestamp":"2026-04-03 19:52:46"}
{"level":"info","message":"Incoming Request: GET /api/auth/me","service":"desligest-api","timestamp":"2026-04-03 19:55:15"}
{"level":"info","message":"Incoming Request: GET /api/auth/me","service":"desligest-api","timestamp":"2026-04-03 19:55:15"}
{"level":"info","message":"Incoming Request: GET /api/desligamentos?arquivado=false","service":"desligest-api","timestamp":"2026-04-03 19:55:15"}
{"level":"info","message":"Incoming Request: GET /api/desligamentos?arquivado=true&q=","service":"desligest-api","timestamp":"2026-04-03 19:55:15"}
{"level":"info","message":"Incoming Request: GET /api/auth/me","service":"desligest-api","timestamp":"2026-04-03 19:55:56"}
{"level":"info","message":"Incoming Request: GET /api/auth/me","service":"desligest-api","timestamp":"2026-04-03 19:55:56"}
{"level":"info","message":"Incoming Request: GET /api/desligamentos?arquivado=false","service":"desligest-api","timestamp":"2026-04-03 19:55:56"}
{"level":"info","message":"Incoming Request: GET /api/desligamentos?arquivado=true&q=","service":"desligest-api","timestamp":"2026-04-03 19:55:56"}
{"level":"info","message":"Incoming Request: GET /api/auth/me","service":"desligest-api","timestamp":"2026-04-03 19:59:34"}
{"level":"info","message":"Incoming Request: GET /api/auth/me","service":"desligest-api","timestamp":"2026-04-03 19:59:34"}
{"level":"info","message":"Incoming Request: GET /api/desligamentos?arquivado=true&q=","service":"desligest-api","timestamp":"2026-04-03 19:59:34"}
{"level":"info","message":"Incoming Request: GET /api/desligamentos?arquivado=false","service":"desligest-api","timestamp":"2026-04-03 19:59:34"}
{"level":"info","message":"Incoming Request: GET /api/auth/me","service":"desligest-api","timestamp":"2026-04-03 19:59:46"}
{"level":"info","message":"Incoming Request: GET /api/auth/me","service":"desligest-api","timestamp":"2026-04-03 19:59:46"}
{"level":"info","message":"Incoming Request: GET /api/desligamentos?arquivado=false","service":"desligest-api","timestamp":"2026-04-03 19:59:46"}
{"level":"info","message":"Incoming Request: GET /api/desligamentos?arquivado=true&q=","service":"desligest-api","timestamp":"2026-04-03 19:59:46"}
{"level":"info","message":"Incoming Request: GET /api/auth/me","service":"desligest-api","timestamp":"2026-04-03 20:00:10"}
{"level":"info","message":"Incoming Request: GET /api/auth/me","service":"desligest-api","timestamp":"2026-04-03 20:00:10"}
{"level":"info","message":"Incoming Request: GET /api/desligamentos?arquivado=false","service":"desligest-api","timestamp":"2026-04-03 20:00:10"}
{"level":"info","message":"Incoming Request: GET /api/desligamentos?arquivado=true&q=","service":"desligest-api","timestamp":"2026-04-03 20:00:10"}
{"level":"info","message":"Incoming Request: GET /api/auth/me","service":"desligest-api","timestamp":"2026-04-03 20:02:22"}
{"level":"info","message":"Incoming Request: GET /api/auth/me","service":"desligest-api","timestamp":"2026-04-03 20:02:22"}
{"level":"info","message":"Incoming Request: GET /api/desligamentos?arquivado=true&q=","service":"desligest-api","timestamp":"2026-04-03 20:02:22"}
{"level":"info","message":"Incoming Request: GET /api/desligamentos?arquivado=false","service":"desligest-api","timestamp":"2026-04-03 20:02:22"}
{"level":"info","message":"Incoming Request: GET /api/auth/me","service":"desligest-api","timestamp":"2026-04-03 20:06:10"}
{"level":"info","message":"Incoming Request: GET /api/auth/me","service":"desligest-api","timestamp":"2026-04-03 20:06:10"}
{"level":"info","message":"Incoming Request: GET /api/desligamentos?arquivado=false","service":"desligest-api","timestamp":"2026-04-03 20:06:10"}
{"level":"info","message":"Incoming Request: GET /api/desligamentos?arquivado=true&q=","service":"desligest-api","timestamp":"2026-04-03 20:06:10"}
{"level":"info","message":"Incoming Request: GET /api/desligamentos?arquivado=false","service":"desligest-api","timestamp":"2026-04-03 20:06:10"}
{"level":"info","message":"Incoming Request: GET /api/auth/me","service":"desligest-api","timestamp":"2026-04-03 20:06:45"}
{"level":"info","message":"Incoming Request: GET /api/auth/me","service":"desligest-api","timestamp":"2026-04-03 20:06:45"}
{"level":"info","message":"Incoming Request: GET /api/desligamentos?arquivado=true&q=","service":"desligest-api","timestamp":"2026-04-03 20:06:45"}
{"level":"info","message":"Incoming Request: GET /api/desligamentos?arquivado=false","service":"desligest-api","timestamp":"2026-04-03 20:06:45"}
{"level":"info","message":"Incoming Request: GET /api/auth/me","service":"desligest-api","timestamp":"2026-04-03 20:07:21"}
{"level":"info","message":"Incoming Request: GET /api/auth/me","service":"desligest-api","timestamp":"2026-04-03 20:07:21"}
{"level":"info","message":"Incoming Request: GET /api/desligamentos?arquivado=false","service":"desligest-api","timestamp":"2026-04-03 20:07:21"}
{"level":"info","message":"Incoming Request: GET /api/desligamentos?arquivado=true&q=","service":"desligest-api","timestamp":"2026-04-03 20:07:21"}
{"level":"info","message":"Incoming Request: GET /api/auth/me","service":"desligest-api","timestamp":"2026-04-03 20:08:34"}
{"level":"info","message":"Incoming Request: GET /api/auth/me","service":"desligest-api","timestamp":"2026-04-03 20:08:34"}
{"level":"info","message":"Incoming Request: GET /api/desligamentos?arquivado=true&q=","service":"desligest-api","timestamp":"2026-04-03 20:08:34"}
{"level":"info","message":"Incoming Request: GET /api/desligamentos?arquivado=false","service":"desligest-api","timestamp":"2026-04-03 20:08:34"}
{"level":"info","message":"Incoming Request: GET /api/auth/me","service":"desligest-api","timestamp":"2026-04-03 20:12:06"}
{"level":"info","message":"Incoming Request: GET /api/auth/me","service":"desligest-api","timestamp":"2026-04-03 20:12:06"}
{"level":"info","message":"Incoming Request: GET /api/desligamentos?arquivado=false","service":"desligest-api","timestamp":"2026-04-03 20:12:06"}
{"level":"info","message":"Incoming Request: GET /api/desligamentos?arquivado=true&q=","service":"desligest-api","timestamp":"2026-04-03 20:12:06"}
{"level":"info","message":"Incoming Request: GET /api/auth/me","service":"desligest-api","timestamp":"2026-04-03 20:12:59"}
{"level":"info","message":"Incoming Request: GET /api/auth/me","service":"desligest-api","timestamp":"2026-04-03 20:12:59"}
{"level":"info","message":"Incoming Request: GET /api/desligamentos?arquivado=true&q=","service":"desligest-api","timestamp":"2026-04-03 20:12:59"}
{"level":"info","message":"Incoming Request: GET /api/desligamentos?arquivado=false","service":"desligest-api","timestamp":"2026-04-03 20:12:59"}
{"level":"info","message":"Incoming Request: GET /api/auth/me","service":"desligest-api","timestamp":"2026-04-03 20:13:37"}
{"level":"info","message":"Incoming Request: GET /api/auth/me","service":"desligest-api","timestamp":"2026-04-03 20:13:37"}
{"level":"info","message":"Incoming Request: GET /api/desligamentos?arquivado=false","service":"desligest-api","timestamp":"2026-04-03 20:13:37"}
{"level":"info","message":"Incoming Request: GET /api/desligamentos?arquivado=true&q=","service":"desligest-api","timestamp":"2026-04-03 20:13:37"}
{"level":"info","message":"Incoming Request: GET /api/auth/me","service":"desligest-api","timestamp":"2026-04-03 20:14:43"}
{"level":"info","message":"Incoming Request: GET /api/auth/me","service":"desligest-api","timestamp":"2026-04-03 20:14:43"}
{"level":"info","message":"Incoming Request: GET /api/desligamentos?arquivado=false","service":"desligest-api","timestamp":"2026-04-03 20:14:43"}
{"level":"info","message":"Incoming Request: GET /api/desligamentos?arquivado=true&q=","service":"desligest-api","timestamp":"2026-04-03 20:14:43"}
{"level":"info","message":"Incoming Request: GET /api/auth/me","service":"desligest-api","timestamp":"2026-04-03 20:16:35"}
{"level":"info","message":"Incoming Request: GET /api/auth/me","service":"desligest-api","timestamp":"2026-04-03 20:16:35"}
{"level":"info","message":"Incoming Request: GET /api/desligamentos?arquivado=false","service":"desligest-api","timestamp":"2026-04-03 20:16:35"}
{"level":"info","message":"Incoming Request: GET /api/desligamentos?arquivado=true&q=","service":"desligest-api","timestamp":"2026-04-03 20:16:35"}
{"level":"info","message":"⏳ Iniciando conexão com o MongoDB...","service":"desligest-api","timestamp":"2026-04-03 21:38:35"}
{"level":"info","message":"✅ MongoDB conectado com sucesso","service":"desligest-api","timestamp":"2026-04-03 21:38:35"}
{"level":"info","message":"✅ Tarefas agendadas (Cron) inicializadas","service":"desligest-api","timestamp":"2026-04-03 21:38:35"}
{"level":"info","message":"🚀 API rodada na porta 3001","service":"desligest-api","timestamp":"2026-04-03 21:38:35"}
{"level":"info","message":"   Health: http://localhost:3001/api/health","service":"desligest-api","timestamp":"2026-04-03 21:38:35"}
{"level":"info","message":"Incoming Request: GET /api/auth/me","service":"desligest-api","timestamp":"2026-04-03 21:39:02"}
{"level":"info","message":"Incoming Request: GET /api/auth/me","service":"desligest-api","timestamp":"2026-04-03 21:39:02"}
{"level":"info","message":"Incoming Request: GET /api/desligamentos?arquivado=false","service":"desligest-api","timestamp":"2026-04-03 21:39:02"}
{"level":"info","message":"Incoming Request: GET /api/desligamentos?arquivado=true&q=","service":"desligest-api","timestamp":"2026-04-03 21:39:02"}
{"level":"info","message":"Incoming Request: GET /api/auth/me","service":"desligest-api","timestamp":"2026-04-03 21:43:33"}
{"level":"info","message":"Incoming Request: GET /api/auth/me","service":"desligest-api","timestamp":"2026-04-03 21:43:33"}
{"level":"info","message":"Incoming Request: GET /api/desligamentos?arquivado=false","service":"desligest-api","timestamp":"2026-04-03 21:43:33"}
{"level":"info","message":"Incoming Request: GET /api/desligamentos?arquivado=true&q=","service":"desligest-api","timestamp":"2026-04-03 21:43:33"}
{"level":"info","message":"Incoming Request: GET /api/auth/me","service":"desligest-api","timestamp":"2026-04-03 21:43:43"}
{"level":"info","message":"Incoming Request: GET /api/auth/me","service":"desligest-api","timestamp":"2026-04-03 21:43:43"}
{"level":"info","message":"Incoming Request: GET /api/desligamentos?arquivado=false","service":"desligest-api","timestamp":"2026-04-03 21:43:43"}
{"level":"info","message":"Incoming Request: GET /api/desligamentos?arquivado=true&q=","service":"desligest-api","timestamp":"2026-04-03 21:43:43"}
{"level":"info","message":"Incoming Request: GET /api/auth/me","service":"desligest-api","timestamp":"2026-04-03 21:45:49"}
{"level":"info","message":"Incoming Request: GET /api/auth/me","service":"desligest-api","timestamp":"2026-04-03 21:45:49"}
{"level":"info","message":"Incoming Request: GET /api/desligamentos?arquivado=true&q=","service":"desligest-api","timestamp":"2026-04-03 21:45:49"}
{"level":"info","message":"Incoming Request: GET /api/desligamentos?arquivado=false","service":"desligest-api","timestamp":"2026-04-03 21:45:49"}
{"level":"info","message":"Incoming Request: GET /api/auth/me","service":"desligest-api","timestamp":"2026-04-03 21:45:52"}
{"level":"info","message":"Incoming Request: GET /api/auth/me","service":"desligest-api","timestamp":"2026-04-03 21:45:52"}
{"level":"info","message":"Incoming Request: GET /api/desligamentos?arquivado=true&q=","service":"desligest-api","timestamp":"2026-04-03 21:45:52"}
{"level":"info","message":"Incoming Request: GET /api/desligamentos?arquivado=false","service":"desligest-api","timestamp":"2026-04-03 21:45:52"}
{"level":"info","message":"Incoming Request: GET /api/auth/me","service":"desligest-api","timestamp":"2026-04-03 21:45:58"}
{"level":"info","message":"Incoming Request: GET /api/auth/me","service":"desligest-api","timestamp":"2026-04-03 21:45:58"}
{"level":"info","message":"Incoming Request: GET /api/desligamentos?arquivado=false","service":"desligest-api","timestamp":"2026-04-03 21:45:58"}
{"level":"info","message":"Incoming Request: GET /api/desligamentos?arquivado=true&q=","service":"desligest-api","timestamp":"2026-04-03 21:45:58"}
{"level":"info","message":"Incoming Request: GET /api/auth/me","service":"desligest-api","timestamp":"2026-04-03 21:46:30"}
{"level":"info","message":"Incoming Request: GET /api/auth/me","service":"desligest-api","timestamp":"2026-04-03 21:46:30"}
{"level":"info","message":"Incoming Request: GET /api/desligamentos?arquivado=true&q=","service":"desligest-api","timestamp":"2026-04-03 21:46:30"}
{"level":"info","message":"Incoming Request: GET /api/desligamentos?arquivado=false","service":"desligest-api","timestamp":"2026-04-03 21:46:30"}
{"level":"info","message":"Incoming Request: GET /api/auth/me","service":"desligest-api","timestamp":"2026-04-03 21:47:44"}
{"level":"info","message":"Incoming Request: GET /api/auth/me","service":"desligest-api","timestamp":"2026-04-03 21:47:44"}
{"level":"info","message":"Incoming Request: GET /api/desligamentos?arquivado=false","service":"desligest-api","timestamp":"2026-04-03 21:47:44"}
{"level":"info","message":"Incoming Request: GET /api/desligamentos?arquivado=true&q=","service":"desligest-api","timestamp":"2026-04-03 21:47:44"}
{"level":"info","message":"Incoming Request: GET /api/auth/me","service":"desligest-api","timestamp":"2026-04-03 21:47:45"}
{"level":"info","message":"Incoming Request: GET /api/auth/me","service":"desligest-api","timestamp":"2026-04-03 21:47:45"}
{"level":"info","message":"Incoming Request: GET /api/desligamentos?arquivado=false","service":"desligest-api","timestamp":"2026-04-03 21:47:45"}
{"level":"info","message":"Incoming Request: GET /api/desligamentos?arquivado=true&q=","service":"desligest-api","timestamp":"2026-04-03 21:47:45"}
{"level":"info","message":"Incoming Request: GET /api/auth/me","service":"desligest-api","timestamp":"2026-04-03 21:49:37"}
{"level":"info","message":"Incoming Request: GET /api/auth/me","service":"desligest-api","timestamp":"2026-04-03 21:49:37"}
{"level":"info","message":"Incoming Request: GET /api/desligamentos?arquivado=true&q=","service":"desligest-api","timestamp":"2026-04-03 21:49:37"}
{"level":"info","message":"Incoming Request: GET /api/desligamentos?arquivado=false","service":"desligest-api","timestamp":"2026-04-03 21:49:37"}
{"level":"info","message":"Incoming Request: POST /api/auth/login","service":"desligest-api","timestamp":"2026-04-03 21:52:19"}
{"level":"info","message":"Incoming Request: GET /api/desligamentos?arquivado=false","service":"desligest-api","timestamp":"2026-04-03 21:52:19"}
{"level":"info","message":"Incoming Request: GET /api/desligamentos?arquivado=true&q=","service":"desligest-api","timestamp":"2026-04-03 21:52:19"}
{"level":"info","message":"Incoming Request: GET /api/auth/me","service":"desligest-api","timestamp":"2026-04-03 21:53:34"}
{"level":"info","message":"Incoming Request: GET /api/auth/me","service":"desligest-api","timestamp":"2026-04-03 21:53:34"}
{"level":"info","message":"Incoming Request: GET /api/auth/me","service":"desligest-api","timestamp":"2026-04-03 21:53:34"}
{"level":"info","message":"Incoming Request: GET /api/auth/me","service":"desligest-api","timestamp":"2026-04-03 21:53:34"}
{"level":"info","message":"Incoming Request: GET /api/desligamentos?arquivado=false","service":"desligest-api","timestamp":"2026-04-03 21:53:34"}
{"level":"info","message":"Incoming Request: GET /api/desligamentos?arquivado=true&q=","service":"desligest-api","timestamp":"2026-04-03 21:53:34"}
{"level":"info","message":"Incoming Request: GET /api/desligamentos?arquivado=false","service":"desligest-api","timestamp":"2026-04-03 21:53:34"}
{"level":"info","message":"Incoming Request: GET /api/desligamentos?arquivado=true&q=","service":"desligest-api","timestamp":"2026-04-03 21:53:34"}
{"level":"info","message":"Incoming Request: GET /api/auth/me","service":"desligest-api","timestamp":"2026-04-03 21:53:56"}
{"level":"info","message":"Incoming Request: GET /api/auth/me","service":"desligest-api","timestamp":"2026-04-03 21:53:56"}
{"level":"info","message":"Incoming Request: GET /api/desligamentos?arquivado=false","service":"desligest-api","timestamp":"2026-04-03 21:53:56"}
{"level":"info","message":"Incoming Request: GET /api/desligamentos?arquivado=true&q=","service":"desligest-api","timestamp":"2026-04-03 21:53:56"}
{"level":"info","message":"Incoming Request: GET /api/auth/me","service":"desligest-api","timestamp":"2026-04-03 21:54:00"}
{"level":"info","message":"Incoming Request: GET /api/auth/me","service":"desligest-api","timestamp":"2026-04-03 21:54:00"}
{"level":"info","message":"Incoming Request: GET /api/desligamentos?arquivado=false","service":"desligest-api","timestamp":"2026-04-03 21:54:00"}
{"level":"info","message":"Incoming Request: GET /api/desligamentos?arquivado=true&q=","service":"desligest-api","timestamp":"2026-04-03 21:54:00"}
{"level":"info","message":"Incoming Request: GET /api/auth/me","service":"desligest-api","timestamp":"2026-04-03 21:54:14"}
{"level":"info","message":"Incoming Request: GET /api/auth/me","service":"desligest-api","timestamp":"2026-04-03 21:54:15"}
{"level":"info","message":"Incoming Request: GET /api/desligamentos?arquivado=false","service":"desligest-api","timestamp":"2026-04-03 21:54:15"}
{"level":"info","message":"Incoming Request: GET /api/desligamentos?arquivado=true&q=","service":"desligest-api","timestamp":"2026-04-03 21:54:15"}
{"level":"info","message":"Incoming Request: GET /api/desligamentos?arquivado=false","service":"desligest-api","timestamp":"2026-04-03 21:54:15"}
{"level":"info","message":"Incoming Request: GET /api/auth/me","service":"desligest-api","timestamp":"2026-04-03 21:55:47"}
{"level":"info","message":"Incoming Request: GET /api/auth/me","service":"desligest-api","timestamp":"2026-04-03 21:55:47"}
{"level":"info","message":"Incoming Request: GET /api/desligamentos?arquivado=true&q=","service":"desligest-api","timestamp":"2026-04-03 21:55:47"}
{"level":"info","message":"Incoming Request: GET /api/desligamentos?arquivado=false","service":"desligest-api","timestamp":"2026-04-03 21:55:47"}
{"level":"info","message":"Incoming Request: GET /api/auth/me","service":"desligest-api","timestamp":"2026-04-03 21:58:09"}
{"level":"info","message":"Incoming Request: GET /api/auth/me","service":"desligest-api","timestamp":"2026-04-03 21:58:09"}
{"level":"info","message":"Incoming Request: GET /api/desligamentos?arquivado=false","service":"desligest-api","timestamp":"2026-04-03 21:58:09"}
{"level":"info","message":"Incoming Request: GET /api/desligamentos?arquivado=true&q=","service":"desligest-api","timestamp":"2026-04-03 21:58:09"}
{"level":"info","message":"Incoming Request: GET /api/auth/me","service":"desligest-api","timestamp":"2026-04-03 21:59:47"}
{"level":"info","message":"Incoming Request: GET /api/auth/me","service":"desligest-api","timestamp":"2026-04-03 21:59:47"}
{"level":"info","message":"Incoming Request: GET /api/desligamentos?arquivado=true&q=","service":"desligest-api","timestamp":"2026-04-03 21:59:47"}
{"level":"info","message":"Incoming Request: GET /api/desligamentos?arquivado=false","service":"desligest-api","timestamp":"2026-04-03 21:59:47"}
{"level":"info","message":"Incoming Request: GET /api/auth/me","service":"desligest-api","timestamp":"2026-04-03 21:59:50"}
{"level":"info","message":"Incoming Request: GET /api/auth/me","service":"desligest-api","timestamp":"2026-04-03 21:59:50"}
{"level":"info","message":"Incoming Request: GET /api/desligamentos?arquivado=true&q=","service":"desligest-api","timestamp":"2026-04-03 21:59:50"}
{"level":"info","message":"Incoming Request: GET /api/desligamentos?arquivado=false","service":"desligest-api","timestamp":"2026-04-03 21:59:50"}
{"level":"info","message":"Incoming Request: GET /api/auth/me","service":"desligest-api","timestamp":"2026-04-03 22:06:04"}
{"level":"info","message":"Incoming Request: GET /api/auth/me","service":"desligest-api","timestamp":"2026-04-03 22:06:04"}
{"level":"info","message":"Incoming Request: GET /api/desligamentos?arquivado=false","service":"desligest-api","timestamp":"2026-04-03 22:06:04"}
{"level":"info","message":"Incoming Request: GET /api/desligamentos?arquivado=true&q=","service":"desligest-api","timestamp":"2026-04-03 22:06:04"}
{"level":"info","message":"Incoming Request: GET /api/auth/me","service":"desligest-api","timestamp":"2026-04-03 22:06:12"}
{"level":"info","message":"Incoming Request: GET /api/auth/me","service":"desligest-api","timestamp":"2026-04-03 22:06:12"}
{"level":"info","message":"Incoming Request: GET /api/desligamentos?arquivado=true&q=","service":"desligest-api","timestamp":"2026-04-03 22:06:12"}
{"level":"info","message":"Incoming Request: GET /api/desligamentos?arquivado=false","service":"desligest-api","timestamp":"2026-04-03 22:06:12"}
{"level":"info","message":"Incoming Request: GET /api/auth/me","service":"desligest-api","timestamp":"2026-04-03 22:07:49"}
{"level":"info","message":"Incoming Request: GET /api/auth/me","service":"desligest-api","timestamp":"2026-04-03 22:07:49"}
{"level":"info","message":"Incoming Request: GET /api/desligamentos?arquivado=true&q=","service":"desligest-api","timestamp":"2026-04-03 22:07:49"}
{"level":"info","message":"Incoming Request: GET /api/desligamentos?arquivado=false","service":"desligest-api","timestamp":"2026-04-03 22:07:49"}
{"level":"info","message":"Incoming Request: GET /api/auth/me","service":"desligest-api","timestamp":"2026-04-03 22:07:51"}
{"level":"info","message":"Incoming Request: GET /api/auth/me","service":"desligest-api","timestamp":"2026-04-03 22:07:51"}
{"level":"info","message":"Incoming Request: GET /api/desligamentos?arquivado=true&q=","service":"desligest-api","timestamp":"2026-04-03 22:07:51"}
{"level":"info","message":"Incoming Request: GET /api/desligamentos?arquivado=false","service":"desligest-api","timestamp":"2026-04-03 22:07:51"}
{"level":"info","message":"Incoming Request: GET /api/auth/me","service":"desligest-api","timestamp":"2026-04-03 22:11:42"}
{"level":"info","message":"Incoming Request: GET /api/auth/me","service":"desligest-api","timestamp":"2026-04-03 22:11:42"}
{"level":"info","message":"Incoming Request: GET /api/desligamentos?arquivado=false","service":"desligest-api","timestamp":"2026-04-03 22:11:42"}
{"level":"info","message":"Incoming Request: GET /api/desligamentos?arquivado=true&q=","service":"desligest-api","timestamp":"2026-04-03 22:11:42"}
{"level":"info","message":"Incoming Request: GET /api/auth/me","service":"desligest-api","timestamp":"2026-04-03 22:11:45"}
{"level":"info","message":"Incoming Request: GET /api/auth/me","service":"desligest-api","timestamp":"2026-04-03 22:11:45"}
{"level":"info","message":"Incoming Request: GET /api/desligamentos?arquivado=false","service":"desligest-api","timestamp":"2026-04-03 22:11:45"}
{"level":"info","message":"Incoming Request: GET /api/desligamentos?arquivado=true&q=","service":"desligest-api","timestamp":"2026-04-03 22:11:45"}
{"level":"info","message":"Incoming Request: GET /api/desligamentos?arquivado=true&q=","service":"desligest-api","timestamp":"2026-04-03 22:16:28"}
{"level":"info","message":"Incoming Request: GET /api/auth/me","service":"desligest-api","timestamp":"2026-04-03 22:16:28"}
{"level":"info","message":"Incoming Request: GET /api/desligamentos?arquivado=false","service":"desligest-api","timestamp":"2026-04-03 22:16:28"}
{"level":"info","message":"Incoming Request: GET /api/auth/me","service":"desligest-api","timestamp":"2026-04-03 22:16:28"}
{"level":"info","message":"Incoming Request: GET /api/desligamentos?arquivado=false","service":"desligest-api","timestamp":"2026-04-03 22:16:28"}
{"level":"info","message":"Incoming Request: GET /api/desligamentos?arquivado=true&q=","service":"desligest-api","timestamp":"2026-04-03 22:16:29"}
{"level":"info","message":"Incoming Request: GET /api/auth/me","service":"desligest-api","timestamp":"2026-04-03 22:16:29"}
{"level":"info","message":"Incoming Request: GET /api/desligamentos?arquivado=false","service":"desligest-api","timestamp":"2026-04-03 22:16:29"}
{"level":"info","message":"Incoming Request: GET /api/desligamentos?arquivado=true&q=","service":"desligest-api","timestamp":"2026-04-03 22:16:29"}
{"level":"info","message":"Incoming Request: GET /api/auth/me","service":"desligest-api","timestamp":"2026-04-03 22:17:16"}
{"level":"info","message":"Incoming Request: GET /api/auth/me","service":"desligest-api","timestamp":"2026-04-03 22:17:16"}
{"level":"info","message":"Incoming Request: GET /api/desligamentos?arquivado=false","service":"desligest-api","timestamp":"2026-04-03 22:17:16"}
{"level":"info","message":"Incoming Request: GET /api/desligamentos?arquivado=true&q=","service":"desligest-api","timestamp":"2026-04-03 22:17:16"}
{"level":"info","message":"Incoming Request: GET /api/auth/me","service":"desligest-api","timestamp":"2026-04-04 00:49:09"}
{"level":"info","message":"Incoming Request: GET /api/auth/me","service":"desligest-api","timestamp":"2026-04-04 00:49:09"}
{"level":"info","message":"Incoming Request: GET /api/desligamentos?arquivado=false","service":"desligest-api","timestamp":"2026-04-04 00:49:09"}
{"level":"info","message":"Incoming Request: GET /api/desligamentos?arquivado=true&q=","service":"desligest-api","timestamp":"2026-04-04 00:49:09"}
{"level":"info","message":"Incoming Request: GET /api/auth/me","service":"desligest-api","timestamp":"2026-04-04 00:50:44"}
{"level":"info","message":"Incoming Request: GET /api/desligamentos?arquivado=false","service":"desligest-api","timestamp":"2026-04-04 00:50:44"}
{"level":"info","message":"Incoming Request: GET /api/desligamentos?arquivado=true&q=","service":"desligest-api","timestamp":"2026-04-04 00:50:44"}
{"level":"info","message":"Incoming Request: GET /api/auth/me","service":"desligest-api","timestamp":"2026-04-04 00:50:44"}
{"level":"info","message":"Incoming Request: GET /api/desligamentos?arquivado=false","service":"desligest-api","timestamp":"2026-04-04 00:50:44"}
{"level":"info","message":"Incoming Request: GET /api/desligamentos?arquivado=true&q=","service":"desligest-api","timestamp":"2026-04-04 00:50:44"}
{"level":"info","message":"Incoming Request: GET /api/desligamentos?arquivado=false","service":"desligest-api","timestamp":"2026-04-04 00:50:45"}
{"level":"info","message":"Incoming Request: GET /api/auth/me","service":"desligest-api","timestamp":"2026-04-04 01:27:27"}
{"level":"info","message":"Incoming Request: GET /api/desligamentos?arquivado=false","service":"desligest-api","timestamp":"2026-04-04 01:27:27"}
{"level":"info","message":"Incoming Request: GET /api/desligamentos?arquivado=true&q=","service":"desligest-api","timestamp":"2026-04-04 01:27:27"}
{"level":"info","message":"Incoming Request: GET /api/auth/me","service":"desligest-api","timestamp":"2026-04-04 01:27:27"}
{"level":"info","message":"Incoming Request: GET /api/desligamentos?arquivado=false","service":"desligest-api","timestamp":"2026-04-04 01:27:27"}
{"level":"info","message":"Incoming Request: GET /api/desligamentos?arquivado=true&q=","service":"desligest-api","timestamp":"2026-04-04 01:27:27"}
{"level":"info","message":"Incoming Request: GET /api/auth/me","service":"desligest-api","timestamp":"2026-04-04 01:27:42"}
{"level":"info","message":"Incoming Request: GET /api/auth/me","service":"desligest-api","timestamp":"2026-04-04 01:27:42"}
{"level":"info","message":"Incoming Request: GET /api/desligamentos?arquivado=true&q=","service":"desligest-api","timestamp":"2026-04-04 01:27:42"}
{"level":"info","message":"Incoming Request: GET /api/desligamentos?arquivado=false","service":"desligest-api","timestamp":"2026-04-04 01:27:42"}
{"level":"info","message":"Incoming Request: GET /api/auth/me","service":"desligest-api","timestamp":"2026-04-04 01:27:43"}
{"level":"info","message":"Incoming Request: GET /api/auth/me","service":"desligest-api","timestamp":"2026-04-04 01:27:43"}
{"level":"info","message":"Incoming Request: GET /api/desligamentos?arquivado=false","service":"desligest-api","timestamp":"2026-04-04 01:27:43"}
{"level":"info","message":"Incoming Request: GET /api/desligamentos?arquivado=true&q=","service":"desligest-api","timestamp":"2026-04-04 01:27:43"}
{"level":"info","message":"Incoming Request: GET /api/auth/me","service":"desligest-api","timestamp":"2026-04-04 01:28:03"}
{"level":"info","message":"Incoming Request: GET /api/desligamentos?arquivado=false","service":"desligest-api","timestamp":"2026-04-04 01:28:03"}
{"level":"info","message":"Incoming Request: GET /api/desligamentos?arquivado=true&q=","service":"desligest-api","timestamp":"2026-04-04 01:28:03"}
{"level":"info","message":"Incoming Request: GET /api/auth/me","service":"desligest-api","timestamp":"2026-04-04 01:28:03"}
{"level":"info","message":"Incoming Request: GET /api/desligamentos?arquivado=false","service":"desligest-api","timestamp":"2026-04-04 01:28:03"}
{"level":"info","message":"Incoming Request: GET /api/desligamentos?arquivado=true&q=","service":"desligest-api","timestamp":"2026-04-04 01:28:03"}
{"level":"info","message":"Incoming Request: GET /api/auth/me","service":"desligest-api","timestamp":"2026-04-04 01:39:41"}
{"level":"info","message":"Incoming Request: GET /api/auth/me","service":"desligest-api","timestamp":"2026-04-04 01:39:41"}
{"level":"info","message":"Incoming Request: GET /api/desligamentos?arquivado=false","service":"desligest-api","timestamp":"2026-04-04 01:39:41"}
{"level":"info","message":"Incoming Request: GET /api/desligamentos?arquivado=true&q=","service":"desligest-api","timestamp":"2026-04-04 01:39:41"}
{"level":"info","message":"Incoming Request: GET /api/auth/me","service":"desligest-api","timestamp":"2026-04-04 01:40:22"}
{"level":"info","message":"Incoming Request: GET /api/auth/me","service":"desligest-api","timestamp":"2026-04-04 01:40:22"}
{"level":"info","message":"Incoming Request: GET /api/desligamentos?arquivado=false","service":"desligest-api","timestamp":"2026-04-04 01:40:22"}
{"level":"info","message":"Incoming Request: GET /api/desligamentos?arquivado=true&q=","service":"desligest-api","timestamp":"2026-04-04 01:40:22"}
{"level":"info","message":"⏳ Iniciando conexão com o MongoDB...","service":"desligest-api","timestamp":"2026-04-07 23:06:51"}
{"level":"info","message":"✅ MongoDB conectado com sucesso","service":"desligest-api","timestamp":"2026-04-07 23:06:51"}
{"level":"info","message":"✅ Tarefas agendadas (Cron) inicializadas","service":"desligest-api","timestamp":"2026-04-07 23:06:51"}
{"level":"info","message":"🚀 API rodada na porta 3001","service":"desligest-api","timestamp":"2026-04-07 23:06:51"}
{"level":"info","message":"   Health: http://localhost:3001/api/health","service":"desligest-api","timestamp":"2026-04-07 23:06:51"}
{"level":"info","message":"⏳ Iniciando conexão com o MongoDB...","service":"desligest-api","timestamp":"2026-04-08 00:00:17"}
{"level":"info","message":"✅ MongoDB conectado com sucesso","service":"desligest-api","timestamp":"2026-04-08 00:00:18"}
{"level":"info","message":"✅ Tarefas agendadas (Cron) inicializadas","service":"desligest-api","timestamp":"2026-04-08 00:00:18"}
{"level":"info","message":"🚀 API rodada na porta 3001","service":"desligest-api","timestamp":"2026-04-08 00:00:18"}
{"level":"info","message":"   Health: http://localhost:3001/api/health","service":"desligest-api","timestamp":"2026-04-08 00:00:18"}
